14:29:57 **** Build of configuration Debug for project 01 ****
make all 
Building file: ../src/01.cpp
Invoking: GCC C++ Compiler
g++ -O0 -g3 -Wall -c -fmessage-length=0 -MMD -MP -MF"src/01.d" -MT"src/01.o" -o "src/01.o" "../src/01.cpp"
../src/01.cpp: In function ‘int main()’:
../src/01.cpp:301:16: warning: format ‘%[^
   ’ expects argument of type ‘char*’, but argument 2 has type ‘char (*)[20]’ [-Wformat=]
  301 |     scanf(" %[^\n]s",&degrees);
      |             ~~~^~    ~~~~~~~~
      |                |     |
      |                char* char (*)[20]
Finished building: ../src/01.cpp
 
Building file: ../src/capacities.cpp
Invoking: GCC C++ Compiler
g++ -O0 -g3 -Wall -c -fmessage-length=0 -MMD -MP -MF"src/capacities.d" -MT"src/capacities.o" -o "src/capacities.o" "../src/capacities.cpp"
Finished building: ../src/capacities.cpp
 
Building file: ../src/center.cpp
Invoking: GCC C++ Compiler
g++ -O0 -g3 -Wall -c -fmessage-length=0 -MMD -MP -MF"src/center.d" -MT"src/center.o" -o "src/center.o" "../src/center.cpp"
Finished building: ../src/center.cpp
 
Building file: ../src/course.cpp
Invoking: GCC C++ Compiler
g++ -O0 -g3 -Wall -c -fmessage-length=0 -MMD -MP -MF"src/course.d" -MT"src/course.o" -o "src/course.o" "../src/course.cpp"
Finished building: ../src/course.cpp
 
Building file: ../src/eligibility.cpp
Invoking: GCC C++ Compiler
g++ -O0 -g3 -Wall -c -fmessage-length=0 -MMD -MP -MF"src/eligibility.d" -MT"src/eligibility.o" -o "src/eligibility.o" "../src/eligibility.cpp"
Finished building: ../src/eligibility.cpp
 
Building file: ../src/preferences.cpp
Invoking: GCC C++ Compiler
g++ -O0 -g3 -Wall -c -fmessage-length=0 -MMD -MP -MF"src/preferences.d" -MT"src/preferences.o" -o "src/preferences.o" "../src/preferences.cpp"
Finished building: ../src/preferences.cpp
 
Building file: ../src/students.cpp
Invoking: GCC C++ Compiler
g++ -O0 -g3 -Wall -c -fmessage-length=0 -MMD -MP -MF"src/students.d" -MT"src/students.o" -o "src/students.o" "../src/students.cpp"
../src/students.cpp: In member function ‘void students::accept()’:
../src/students.cpp:163:13: warning: format ‘%[^
   ’ expects argument of type ‘char*’, but argument 2 has type ‘char (*)[20]’ [-Wformat=]
  163 |  scanf(" %[^\n]s",&degrees);
      |          ~~~^~    ~~~~~~~~
      |             |     |
      |             char* char (*)[20]
Finished building: ../src/students.cpp
 
Building target: 01
Invoking: GCC C++ Linker
g++  -o "01"  ./src/01.o ./src/capacities.o ./src/center.o ./src/course.o ./src/eligibility.o ./src/preferences.o ./src/students.o   
Finished building target: 01
 

14:30:02 Build Finished. 0 errors, 2 warnings. (took 5s.147ms)

