14:11:17 **** Clean-only build of configuration Debug for project 01 ****
make clean 
rm -rf  ./src/01.o ./src/capacities.o ./src/center.o ./src/course.o ./src/eligibility.o ./src/preferences.o ./src/students.o  ./src/01.d ./src/capacities.d ./src/center.d ./src/course.d ./src/eligibility.d ./src/preferences.d ./src/students.d  01
 
14:11:45 **** Build of configuration Debug for project as per lectures ****
make all 
Building file: ../src/as per lectures.cpp
Invoking: GCC C++ Compiler
g++ -O0 -g3 -Wall -c -fmessage-length=0 -MMD -MP -MF"src/as per lectures.d" -MT"src/as\ per\ lectures.d" -o "src/as per lectures.o" "../src/as per lectures.cpp"
Finished building: ../src/as per lectures.cpp
 
Building file: ../src/students.cpp
Invoking: GCC C++ Compiler
g++ -O0 -g3 -Wall -c -fmessage-length=0 -MMD -MP -MF"src/students.d" -MT"src/students.o" -o "src/students.o" "../src/students.cpp"
In file included from ../src/students.cpp:8:
../src/students.h:8:2: error: ‘string’ does not name a type
src/subdir.mk:28: recipe for target 'src/students.o' failed
    8 |  string form_no, name, rank_A, rank_B, rank_C ;
      |  ^~~~~~
../src/students.h:9:3: error: ‘string’ does not name a type
    9 |   string degree,percentage ;
      |   ^~~~~~
../src/students.h:10:3: error: ‘string’ does not name a type
   10 |   string alloc_pref, alloc_course,alloc_cent_id  ;
      |   ^~~~~~
../src/students.h:11:3: error: ‘string’ does not name a type
   11 |   string payment , report_center;
      |   ^~~~~~
../src/students.h:12:3: error: ‘string’ does not name a type
   12 |   string prn ;
      |   ^~~~~~
make: *** [src/students.o] Error 1
"make all" terminated with exit code 2. Build might be incomplete.
14:11:53 **** Incremental Build of configuration Debug for project as per lectures ****
make all 
Building file: ../src/as per lectures.cpp
Invoking: GCC C++ Compiler
g++ -O0 -g3 -Wall -c -fmessage-length=0 -MMD -MP -MF"src/as per lectures.d" -MT"src/as\ per\ lectures.d" -o "src/as per lectures.o" "../src/as per lectures.cpp"
Finished building: ../src/as per lectures.cpp
 
Building file: ../src/students.cpp
Invoking: GCC C++ Compiler
g++ -O0 -g3 -Wall -c -fmessage-length=0 -MMD -MP -MF"src/students.d" -MT"src/students.o" -o "src/students.o" "../src/students.cpp"
In file included from ../src/students.cpp:8:
../src/students.h:8:2: error: ‘string’ does not name a type
    8 |  string form_no, name, rank_A, rank_B, rank_C ;
      |  ^~~~~~
../src/students.h:9:2: error: ‘string’ does not name a type
    9 |  string degree,percentage ;
      |  ^~~~~~
../src/students.h:10:2: error: ‘string’ does not name a type
   10 |  string alloc_pref, alloc_course,alloc_cent_id  ;
      |  ^~~~~~
../src/students.h:11:2: error: ‘string’ does not name a type
   11 |  string payment , report_center;
      |  ^~~~~~
src/subdir.mk:28: recipe for target 'src/students.o' failed
../src/students.h:12:2: error: ‘string’ does not name a type
   12 |  string prn ;
      |  ^~~~~~
make: *** [src/students.o] Error 1
"make all" terminated with exit code 2. Build might be incomplete.
14:13:06 **** Incremental Build of configuration Debug for project as per lectures ****
make all 
Building file: ../src/as per lectures.cpp
Invoking: GCC C++ Compiler
g++ -O0 -g3 -Wall -c -fmessage-length=0 -MMD -MP -MF"src/as per lectures.d" -MT"src/as\ per\ lectures.d" -o "src/as per lectures.o" "../src/as per lectures.cpp"
Finished building: ../src/as per lectures.cpp
 
Building file: ../src/students.cpp
Invoking: GCC C++ Compiler
g++ -O0 -g3 -Wall -c -fmessage-length=0 -MMD -MP -MF"src/students.d" -MT"src/students.o" -o "src/students.o" "../src/students.cpp"
In file included from ../src/students.cpp:2:
../src/students.h:8:2: error: ‘string’ does not name a type
    8 |  string form_no, name, rank_A, rank_B, rank_C ;
      |  ^~~~~~
../src/students.h:9:2: error: ‘string’ does not name a type
    9 |  string degree,percentage ;
src/subdir.mk:28: recipe for target 'src/students.o' failed
      |  ^~~~~~
../src/students.h:10:2: error: ‘string’ does not name a type
   10 |  string alloc_pref, alloc_course,alloc_cent_id  ;
      |  ^~~~~~
../src/students.h:11:2: error: ‘string’ does not name a type
   11 |  string payment , report_center;
      |  ^~~~~~
../src/students.h:12:2: error: ‘string’ does not name a type
   12 |  string prn ;
      |  ^~~~~~
make: *** [src/students.o] Error 1
"make all" terminated with exit code 2. Build might be incomplete.
14:13:33 **** Incremental Build of configuration Debug for project as per lectures ****
make all 
Building file: ../src/as per lectures.cpp
Invoking: GCC C++ Compiler
g++ -O0 -g3 -Wall -c -fmessage-length=0 -MMD -MP -MF"src/as per lectures.d" -MT"src/as\ per\ lectures.d" -o "src/as per lectures.o" "../src/as per lectures.cpp"
Finished building: ../src/as per lectures.cpp
 
Building file: ../src/students.cpp
Invoking: GCC C++ Compiler
g++ -O0 -g3 -Wall -c -fmessage-length=0 -MMD -MP -MF"src/students.d" -MT"src/students.o" -o "src/students.o" "../src/students.cpp"
Finished building: ../src/students.cpp
 
Building target: as per lectures
Invoking: GCC C++ Linker
g++  -o "as per lectures"  ./src/as\ per\ lectures.o ./src/students.o   
Finished building target: as per lectures
 
14:13:42 **** Incremental Build of configuration Debug for project as per lectures ****
make all 
make: Nothing to be done for 'all'.
14:14:02 **** Incremental Build of configuration Debug for project as per lectures ****
make all 
Building file: ../src/as per lectures.cpp
Invoking: GCC C++ Compiler
g++ -O0 -g3 -Wall -c -fmessage-length=0 -MMD -MP -MF"src/as per lectures.d" -MT"src/as\ per\ lectures.d" -o "src/as per lectures.o" "../src/as per lectures.cpp"
Finished building: ../src/as per lectures.cpp
 
Building file: ../src/students.cpp
Invoking: GCC C++ Compiler
g++ -O0 -g3 -Wall -c -fmessage-length=0 -MMD -MP -MF"src/students.d" -MT"src/students.o" -o "src/students.o" "../src/students.cpp"
In file included from ../src/students.cpp:2:
../src/students.h:8:2: error: ‘string’ does not name a type
    8 |  string form_no, name, rank_A, rank_B, rank_C ;
      |  ^~~~~~
../src/students.h:9:2: error: ‘string’ does not name a type
    9 |  string degree,percentage ;
src/subdir.mk:28: recipe for target 'src/students.o' failed
      |  ^~~~~~
../src/students.h:10:2: error: ‘string’ does not name a type
   10 |  string alloc_pref, alloc_course,alloc_cent_id  ;
      |  ^~~~~~
../src/students.h:11:2: error: ‘string’ does not name a type
   11 |  string payment , report_center;
      |  ^~~~~~
../src/students.h:12:2: error: ‘string’ does not name a type
   12 |  string prn ;
      |  ^~~~~~
make: *** [src/students.o] Error 1
"make all" terminated with exit code 2. Build might be incomplete.
14:16:11 **** Incremental Build of configuration Debug for project as per lectures ****
make all 
Building file: ../src/as per lectures.cpp
Invoking: GCC C++ Compiler
g++ -O0 -g3 -Wall -c -fmessage-length=0 -MMD -MP -MF"src/as per lectures.d" -MT"src/as\ per\ lectures.d" -o "src/as per lectures.o" "../src/as per lectures.cpp"
Finished building: ../src/as per lectures.cpp
 
Building file: ../src/students.cpp
Invoking: GCC C++ Compiler
g++ -O0 -g3 -Wall -c -fmessage-length=0 -MMD -MP -MF"src/students.d" -MT"src/students.o" -o "src/students.o" "../src/students.cpp"
Finished building: ../src/students.cpp
 
Building target: as per lectures
Invoking: GCC C++ Linker
g++  -o "as per lectures"  ./src/as\ per\ lectures.o ./src/students.o   
Finished building target: as per lectures
 
14:19:34 **** Incremental Build of configuration Debug for project as per lectures ****
make all 
Building file: ../src/as per lectures.cpp
Invoking: GCC C++ Compiler
g++ -O0 -g3 -Wall -c -fmessage-length=0 -MMD -MP -MF"src/as per lectures.d" -MT"src/as\ per\ lectures.d" -o "src/as per lectures.o" "../src/as per lectures.cpp"
Finished building: ../src/as per lectures.cpp
 
Building file: ../src/student.cpp
Invoking: GCC C++ Compiler
g++ -O0 -g3 -Wall -c -fmessage-length=0 -MMD -MP -MF"src/student.d" -MT"src/student.o" -o "src/student.o" "../src/student.cpp"
Finished building: ../src/student.cpp
 
Building target: as per lectures
Invoking: GCC C++ Linker
g++  -o "as per lectures"  ./src/as\ per\ lectures.o ./src/student.o   
Finished building target: as per lectures
 
14:28:03 **** Incremental Build of configuration Debug for project as per lectures ****
make all 
Building file: ../src/as per lectures.cpp
Invoking: GCC C++ Compiler
g++ -O0 -g3 -Wall -c -fmessage-length=0 -MMD -MP -MF"src/as per lectures.d" -MT"src/as\ per\ lectures.d" -o "src/as per lectures.o" "../src/as per lectures.cpp"
../src/as per lectures.cpp: In function ‘void load_students_csv(std::vector<student>&)’:
../src/as per lectures.cpp:24:17: error: no match for call to ‘(std::string {aka std::__cxx11::basic_string<char>}) (std::string&)’
   24 |   s.form_no(temp) ;
      |                 ^
../src/as per lectures.cpp:27:14: error: no match for call to ‘(std::string {aka std::__cxx11::basic_string<char>}) (std::string&)’
   27 |   s.name(temp) ;
      |              ^
../src/as per lectures.cpp:30:16: error: no match for call to ‘(std::string {aka std::__cxx11::basic_string<char>}) (std::string&)’
   30 |   s.rank_A(temp) ;
      |                ^
../src/as per lectures.cpp:33:16: error: no match for call to ‘(std::string {aka std::__cxx11::basic_string<char>}) (std::string&)’
   33 |   s.rank_B(temp) ;
      |                ^
../src/as per lectures.cpp:36:16: error: no match for call to ‘(std::string {aka std::__cxx11::basic_string<char>}) (std::string&)’
   36 |   s.rank_C(temp) ;
      |                ^
../src/as per lectures.cpp:39:16: error: no match for call to ‘(std::string {aka std::__cxx11::basic_string<char>}) (std::string&)’
   39 |   s.degree(temp) ;
      |                ^
../src/as per lectures.cpp:42:20: error: no match for call to ‘(std::string {aka std::__cxx11::basic_string<char>}) (std::string&)’
   42 |   s.percentage(temp) ;
      |                    ^
../src/as per lectures.cpp:45:20: error: no match for call to ‘(std::string {aka std::__cxx11::basic_string<char>}) (const char [3])’
   45 |   s.alloc_pref("NA") ;
      |                    ^
../src/as per lectures.cpp:48:22: error: no match for call to ‘(std::string {aka std::__cxx11::basic_string<char>}) (const char [3])’
   48 |   s.alloc_course("NA") ;
      |                      ^
../src/as per lectures.cpp:51:23: error: no match for call to ‘(std::string {aka std::__cxx11::basic_string<char>}) (const char [3])’
   51 |   s.alloc_cent_id("NA") ;
      |                       ^
../src/as per lectures.cpp:54:17: error: no match for call to ‘(std::string {aka std::__cxx11::basic_string<char>}) (const char [3])’
   54 |   s.payment("NA") ;
      |                 ^
../src/as per lectures.cpp:57:23: error: no match for call to ‘(std::string {aka std::__cxx11::basic_string<char>}) (const char [3])’
   57 |   s.report_center("NA") ;
      |                       ^
../src/as per lectures.cpp:60:13: error: no match for call to ‘(std::string {aka std::__cxx11::basic_string<char>}) (const char [3])’
   60 |   s.prn("NA") ;
      |             ^
src/subdir.mk:21: recipe for target 'src/as per lectures.o' failed
make: *** [src/as per lectures.o] Error 1
"make all" terminated with exit code 2. Build might be incomplete.
14:29:57 **** Build of configuration Debug for project 01 ****
make all 
Building file: ../src/01.cpp
Invoking: GCC C++ Compiler
g++ -O0 -g3 -Wall -c -fmessage-length=0 -MMD -MP -MF"src/01.d" -MT"src/01.o" -o "src/01.o" "../src/01.cpp"
../src/01.cpp: In function ‘int main()’:
../src/01.cpp:301:16: warning: format ‘%[^
   ’ expects argument of type ‘char*’, but argument 2 has type ‘char (*)[20]’ [-Wformat=]
  301 |     scanf(" %[^\n]s",&degrees);
      |             ~~~^~    ~~~~~~~~
      |                |     |
      |                char* char (*)[20]
Finished building: ../src/01.cpp
 
Building file: ../src/capacities.cpp
Invoking: GCC C++ Compiler
g++ -O0 -g3 -Wall -c -fmessage-length=0 -MMD -MP -MF"src/capacities.d" -MT"src/capacities.o" -o "src/capacities.o" "../src/capacities.cpp"
Finished building: ../src/capacities.cpp
 
Building file: ../src/center.cpp
Invoking: GCC C++ Compiler
g++ -O0 -g3 -Wall -c -fmessage-length=0 -MMD -MP -MF"src/center.d" -MT"src/center.o" -o "src/center.o" "../src/center.cpp"
Finished building: ../src/center.cpp
 
Building file: ../src/course.cpp
Invoking: GCC C++ Compiler
g++ -O0 -g3 -Wall -c -fmessage-length=0 -MMD -MP -MF"src/course.d" -MT"src/course.o" -o "src/course.o" "../src/course.cpp"
Finished building: ../src/course.cpp
 
Building file: ../src/eligibility.cpp
Invoking: GCC C++ Compiler
g++ -O0 -g3 -Wall -c -fmessage-length=0 -MMD -MP -MF"src/eligibility.d" -MT"src/eligibility.o" -o "src/eligibility.o" "../src/eligibility.cpp"
Finished building: ../src/eligibility.cpp
 
Building file: ../src/preferences.cpp
Invoking: GCC C++ Compiler
g++ -O0 -g3 -Wall -c -fmessage-length=0 -MMD -MP -MF"src/preferences.d" -MT"src/preferences.o" -o "src/preferences.o" "../src/preferences.cpp"
Finished building: ../src/preferences.cpp
 
Building file: ../src/students.cpp
Invoking: GCC C++ Compiler
g++ -O0 -g3 -Wall -c -fmessage-length=0 -MMD -MP -MF"src/students.d" -MT"src/students.o" -o "src/students.o" "../src/students.cpp"
../src/students.cpp: In member function ‘void students::accept()’:
../src/students.cpp:163:13: warning: format ‘%[^
   ’ expects argument of type ‘char*’, but argument 2 has type ‘char (*)[20]’ [-Wformat=]
  163 |  scanf(" %[^\n]s",&degrees);
      |          ~~~^~    ~~~~~~~~
      |             |     |
      |             char* char (*)[20]
Finished building: ../src/students.cpp
 
Building target: 01
Invoking: GCC C++ Linker
g++  -o "01"  ./src/01.o ./src/capacities.o ./src/center.o ./src/course.o ./src/eligibility.o ./src/preferences.o ./src/students.o   
Finished building target: 01
 
14:30:02 **** Clean-only build of configuration Debug for project 01 demo ****
make clean 
rm -rf  ./src/02.o ./src/capacities.o ./src/center.o ./src/course.o ./src/eligibility.o ./src/preferences.o ./src/students.o  ./src/02.d ./src/capacities.d ./src/center.d ./src/course.d ./src/eligibility.d ./src/preferences.d ./src/students.d  demo2
 
14:30:03 **** Build of configuration Debug for project 01 demo ****
make all 
Building file: ../src/02.cpp
Invoking: GCC C++ Compiler
g++ -O0 -g3 -Wall -c -fmessage-length=0 -MMD -MP -MF"src/02.d" -MT"src/02.o" -o "src/02.o" "../src/02.cpp"
../src/02.cpp: In function ‘int main()’:
../src/02.cpp:23:18: warning: comparison of integer expressions of different signedness: ‘int’ and ‘std::vector<students>::size_type’ {aka ‘long unsigned int’} [-Wsign-compare]
   23 |  for (int i=0 ; i<stu.size(); i++ ){
      |                 ~^~~~~~~~~~~
Finished building: ../src/02.cpp
 
Building file: ../src/capacities.cpp
Invoking: GCC C++ Compiler
g++ -O0 -g3 -Wall -c -fmessage-length=0 -MMD -MP -MF"src/capacities.d" -MT"src/capacities.o" -o "src/capacities.o" "../src/capacities.cpp"
Finished building: ../src/capacities.cpp
 
Building file: ../src/center.cpp
Invoking: GCC C++ Compiler
g++ -O0 -g3 -Wall -c -fmessage-length=0 -MMD -MP -MF"src/center.d" -MT"src/center.o" -o "src/center.o" "../src/center.cpp"
Finished building: ../src/center.cpp
 
Building file: ../src/course.cpp
Invoking: GCC C++ Compiler
g++ -O0 -g3 -Wall -c -fmessage-length=0 -MMD -MP -MF"src/course.d" -MT"src/course.o" -o "src/course.o" "../src/course.cpp"
../src/course.cpp: In constructor ‘course::course()’:
../src/course.cpp:11:14: warning: passing NULL to non-pointer argument 2 of ‘void* memset(void*, int, size_t)’ [-Wconversion-null]
   11 |  memset(this,NULL,sizeof(course)) ;
      |              ^~~~
In file included from /usr/include/c++/9/cstring:42,
                 from ../src/course.cpp:9:
/usr/include/string.h:60:37: note:   declared here
   60 | extern void *memset (void *__s, int __c, size_t __n) __THROW __nonnull ((1));
      |                                 ~~~~^~~
../src/course.cpp:11:33: warning: ‘void* memset(void*, int, size_t)’ clearing an object of type ‘class course’ with no trivial copy-assignment; use assignment or value-initialization instead [-Wclass-memaccess]
   11 |  memset(this,NULL,sizeof(course)) ;
      |                                 ^
In file included from ../src/course.cpp:8:
../src/course.h:8:7: note: ‘class course’ declared here
    8 | class course {
      |       ^~~~~~
Finished building: ../src/course.cpp
 
Building file: ../src/eligibility.cpp
Invoking: GCC C++ Compiler
g++ -O0 -g3 -Wall -c -fmessage-length=0 -MMD -MP -MF"src/eligibility.d" -MT"src/eligibility.o" -o "src/eligibility.o" "../src/eligibility.cpp"
Finished building: ../src/eligibility.cpp
 
Building file: ../src/preferences.cpp
Invoking: GCC C++ Compiler
g++ -O0 -g3 -Wall -c -fmessage-length=0 -MMD -MP -MF"src/preferences.d" -MT"src/preferences.o" -o "src/preferences.o" "../src/preferences.cpp"
Finished building: ../src/preferences.cpp
 
Building file: ../src/students.cpp
Invoking: GCC C++ Compiler
g++ -O0 -g3 -Wall -c -fmessage-length=0 -MMD -MP -MF"src/students.d" -MT"src/students.o" -o "src/students.o" "../src/students.cpp"
../src/students.cpp: In constructor ‘students::students()’:
../src/students.cpp:11:14: warning: passing NULL to non-pointer argument 2 of ‘void* memset(void*, int, size_t)’ [-Wconversion-null]
   11 |  memset(this,NULL,sizeof(students) ) ;
      |              ^~~~
In file included from /usr/include/c++/9/cstring:42,
                 from ../src/students.cpp:7:
/usr/include/string.h:60:37: note:   declared here
   60 | extern void *memset (void *__s, int __c, size_t __n) __THROW __nonnull ((1));
      |                                 ~~~~^~~
../src/students.cpp:11:36: warning: ‘void* memset(void*, int, size_t)’ clearing an object of type ‘class students’ with no trivial copy-assignment; use assignment or value-initialization instead [-Wclass-memaccess]
   11 |  memset(this,NULL,sizeof(students) ) ;
      |                                    ^
In file included from ../src/students.cpp:8:
../src/students.h:8:7: note: ‘class students’ declared here
    8 | class students {
      |       ^~~~~~~~
Finished building: ../src/students.cpp
 
Building target: 01 demo
Invoking: GCC C++ Linker
g++  -o "01 demo"  ./src/02.o ./src/capacities.o ./src/center.o ./src/course.o ./src/eligibility.o ./src/preferences.o ./src/students.o   
Finished building target: 01 demo
 
14:30:07 **** Incremental Build of configuration Debug for project as per lectures ****
make all 
Building file: ../src/as per lectures.cpp
Invoking: GCC C++ Compiler
g++ -O0 -g3 -Wall -c -fmessage-length=0 -MMD -MP -MF"src/as per lectures.d" -MT"src/as\ per\ lectures.d" -o "src/as per lectures.o" "../src/as per lectures.cpp"
Finished building: ../src/as per lectures.cpp
 
Building file: ../src/student.cpp
Invoking: GCC C++ Compiler
g++ -O0 -g3 -Wall -c -fmessage-length=0 -MMD -MP -MF"src/student.d" -MT"src/student.o" -o "src/student.o" "../src/student.cpp"
Finished building: ../src/student.cpp
 
Building target: as per lectures
Invoking: GCC C++ Linker
g++  -o "as per lectures"  ./src/as\ per\ lectures.o ./src/student.o   
Finished building target: as per lectures
 
14:30:08 **** Incremental Build of configuration Debug for project demo class work 01 ****
make all 
Building file: ../src/main.cpp
Invoking: GCC C++ Compiler
g++ -O0 -g3 -Wall -c -fmessage-length=0 -MMD -MP -MF"src/main.d" -MT"src/main.o" -o "src/main.o" "../src/main.cpp"
Finished building: ../src/main.cpp
 
Building target: demo class work 01
Invoking: GCC C++ Linker
g++  -o "demo class work 01"  ./src/main.o   
Finished building target: demo class work 01
 
14:30:10 **** Build of configuration Debug for project demo class work 02 ****
make all 
make: Nothing to be done for 'all'.
14:30:13 **** Incremental Build of configuration Debug for project as per lectures ****
make all 
make: Nothing to be done for 'all'.
14:30:27 **** Incremental Build of configuration Debug for project as per lectures ****
make all 
Building file: ../src/as per lectures.cpp
Invoking: GCC C++ Compiler
g++ -O0 -g3 -Wall -c -fmessage-length=0 -MMD -MP -MF"src/as per lectures.d" -MT"src/as\ per\ lectures.d" -o "src/as per lectures.o" "../src/as per lectures.cpp"
Finished building: ../src/as per lectures.cpp
 
Building target: as per lectures
Invoking: GCC C++ Linker
g++  -o "as per lectures"  ./src/as\ per\ lectures.o ./src/student.o   
Finished building target: as per lectures
 
14:37:47 **** Incremental Build of configuration Debug for project as per lectures ****
make all 
Building file: ../src/as per lectures.cpp
Invoking: GCC C++ Compiler
g++ -O0 -g3 -Wall -c -fmessage-length=0 -MMD -MP -MF"src/as per lectures.d" -MT"src/as\ per\ lectures.d" -o "src/as per lectures.o" "../src/as per lectures.cpp"
Finished building: ../src/as per lectures.cpp
 
Building file: ../src/preference.cpp
Invoking: GCC C++ Compiler
g++ -O0 -g3 -Wall -c -fmessage-length=0 -MMD -MP -MF"src/preference.d" -MT"src/preference.o" -o "src/preference.o" "../src/preference.cpp"
Finished building: ../src/preference.cpp
 
Building target: as per lectures
Invoking: GCC C++ Linker
g++  -o "as per lectures"  ./src/as\ per\ lectures.o ./src/preference.o ./src/student.o   
Finished building target: as per lectures
 
14:38:20 **** Incremental Build of configuration Debug for project as per lectures ****
make all 
Building file: ../src/as per lectures.cpp
Invoking: GCC C++ Compiler
g++ -O0 -g3 -Wall -c -fmessage-length=0 -MMD -MP -MF"src/as per lectures.d" -MT"src/as\ per\ lectures.d" -o "src/as per lectures.o" "../src/as per lectures.cpp"
Finished building: ../src/as per lectures.cpp
 
Building target: as per lectures
Invoking: GCC C++ Linker
g++  -o "as per lectures"  ./src/as\ per\ lectures.o ./src/preference.o ./src/student.o   
Finished building target: as per lectures
 
14:39:08 **** Incremental Build of configuration Debug for project as per lectures ****
make all 
Building file: ../src/as per lectures.cpp
Invoking: GCC C++ Compiler
g++ -O0 -g3 -Wall -c -fmessage-length=0 -MMD -MP -MF"src/as per lectures.d" -MT"src/as\ per\ lectures.d" -o "src/as per lectures.o" "../src/as per lectures.cpp"
Finished building: ../src/as per lectures.cpp
 
Building target: as per lectures
Invoking: GCC C++ Linker
g++  -o "as per lectures"  ./src/as\ per\ lectures.o ./src/preference.o ./src/student.o   
Finished building target: as per lectures
 
14:47:08 **** Incremental Build of configuration Debug for project as per lectures ****
make all 
Building file: ../src/as per lectures.cpp
Invoking: GCC C++ Compiler
g++ -O0 -g3 -Wall -c -fmessage-length=0 -MMD -MP -MF"src/as per lectures.d" -MT"src/as\ per\ lectures.d" -o "src/as per lectures.o" "../src/as per lectures.cpp"
Finished building: ../src/as per lectures.cpp
 
Building file: ../src/student.cpp
Invoking: GCC C++ Compiler
g++ -O0 -g3 -Wall -c -fmessage-length=0 -MMD -MP -MF"src/student.d" -MT"src/student.o" -o "src/student.o" "../src/student.cpp"
Finished building: ../src/student.cpp
 
Building target: as per lectures
Invoking: GCC C++ Linker
g++  -o "as per lectures"  ./src/as\ per\ lectures.o ./src/preference.o ./src/student.o   
Finished building target: as per lectures
 
14:47:42 **** Incremental Build of configuration Debug for project as per lectures ****
make all 
Building file: ../src/as per lectures.cpp
Invoking: GCC C++ Compiler
g++ -O0 -g3 -Wall -c -fmessage-length=0 -MMD -MP -MF"src/as per lectures.d" -MT"src/as\ per\ lectures.d" -o "src/as per lectures.o" "../src/as per lectures.cpp"
Finished building: ../src/as per lectures.cpp
 
Building target: as per lectures
Invoking: GCC C++ Linker
g++  -o "as per lectures"  ./src/as\ per\ lectures.o ./src/preference.o ./src/student.o   
Finished building target: as per lectures
 
14:53:04 **** Incremental Build of configuration Debug for project as per lectures ****
make all 
Building file: ../src/as per lectures.cpp
Invoking: GCC C++ Compiler
g++ -O0 -g3 -Wall -c -fmessage-length=0 -MMD -MP -MF"src/as per lectures.d" -MT"src/as\ per\ lectures.d" -o "src/as per lectures.o" "../src/as per lectures.cpp"
Finished building: ../src/as per lectures.cpp
 
Building target: as per lectures
Invoking: GCC C++ Linker
g++  -o "as per lectures"  ./src/as\ per\ lectures.o ./src/preference.o ./src/student.o   
Finished building target: as per lectures
 
